[29-Sep-2020 15:55:02] NOTICE: fpm is running, pid 14704
[29-Sep-2020 15:55:02] NOTICE: ready to handle connections
[30-Sep-2020 00:09:06] NOTICE: Terminating ...
[30-Sep-2020 00:09:06] NOTICE: Terminating ...
[30-Sep-2020 00:09:06] NOTICE: exiting, bye-bye!
[30-Sep-2020 08:55:06] NOTICE: fpm is running, pid 21684
[30-Sep-2020 08:55:06] NOTICE: ready to handle connections
[30-Sep-2020 21:49:41] NOTICE: Terminating ...
[30-Sep-2020 21:49:41] NOTICE: Terminating ...
[30-Sep-2020 21:49:41] NOTICE: exiting, bye-bye!
[03-Oct-2020 23:02:20] NOTICE: fpm is running, pid 948
[03-Oct-2020 23:02:20] NOTICE: ready to handle connections
[05-Oct-2020 23:12:52] NOTICE: Terminating ...
[05-Oct-2020 23:12:52] NOTICE: Terminating ...
[05-Oct-2020 23:12:52] NOTICE: exiting, bye-bye!
[06-Oct-2020 08:25:54] NOTICE: fpm is running, pid 3817
[06-Oct-2020 08:25:54] NOTICE: ready to handle connections
[08-Oct-2020 00:31:17] NOTICE: Terminating ...
[08-Oct-2020 00:31:17] NOTICE: Terminating ...
[08-Oct-2020 00:31:17] NOTICE: exiting, bye-bye!
[08-Oct-2020 08:44:58] NOTICE: fpm is running, pid 13369
[08-Oct-2020 08:44:58] NOTICE: ready to handle connections
[08-Oct-2020 15:12:02] NOTICE: Terminating ...
[08-Oct-2020 15:12:02] NOTICE: Terminating ...
[08-Oct-2020 15:12:02] NOTICE: exiting, bye-bye!
[13-Oct-2020 10:00:55] NOTICE: fpm is running, pid 2922
[13-Oct-2020 10:00:55] NOTICE: ready to handle connections
[13-Oct-2020 23:18:35] NOTICE: Terminating ...
[13-Oct-2020 23:18:35] NOTICE: Terminating ...
[13-Oct-2020 23:18:35] NOTICE: exiting, bye-bye!
[17-Oct-2020 22:56:52] NOTICE: fpm is running, pid 5091
[17-Oct-2020 22:56:52] NOTICE: ready to handle connections
[18-Oct-2020 01:05:27] NOTICE: Terminating ...
[18-Oct-2020 01:05:27] NOTICE: Terminating ...
[18-Oct-2020 01:05:27] NOTICE: exiting, bye-bye!
[27-Oct-2020 09:48:58] NOTICE: fpm is running, pid 15187
[27-Oct-2020 09:48:58] NOTICE: ready to handle connections
[27-Oct-2020 21:52:21] NOTICE: Terminating ...
[27-Oct-2020 21:52:21] NOTICE: Terminating ...
[27-Oct-2020 21:52:21] NOTICE: exiting, bye-bye!
[28-Oct-2020 09:11:18] NOTICE: fpm is running, pid 1080
[28-Oct-2020 09:11:18] NOTICE: ready to handle connections
[29-Oct-2020 01:14:17] NOTICE: Terminating ...
[29-Oct-2020 01:14:17] NOTICE: Terminating ...
[29-Oct-2020 01:14:17] NOTICE: exiting, bye-bye!
[29-Oct-2020 15:06:36] NOTICE: fpm is running, pid 5500
[29-Oct-2020 15:06:36] NOTICE: ready to handle connections
[31-Oct-2020 20:24:11] NOTICE: Terminating ...
[31-Oct-2020 20:24:11] NOTICE: Terminating ...
[31-Oct-2020 20:24:11] NOTICE: exiting, bye-bye!
[27-Nov-2020 21:10:03] NOTICE: fpm is running, pid 1972
[27-Nov-2020 21:10:03] NOTICE: ready to handle connections
[27-Nov-2020 22:04:30] NOTICE: Terminating ...
[27-Nov-2020 22:04:30] NOTICE: Terminating ...
[27-Nov-2020 22:04:30] NOTICE: exiting, bye-bye!
[22-Jan-2021 22:52:16] NOTICE: fpm is running, pid 8040
[22-Jan-2021 22:52:16] NOTICE: ready to handle connections
[23-Jan-2021 00:09:40] NOTICE: Terminating ...
[23-Jan-2021 00:09:40] NOTICE: Terminating ...
[23-Jan-2021 00:09:40] NOTICE: exiting, bye-bye!
[23-Jan-2021 23:18:54] NOTICE: fpm is running, pid 10701
[23-Jan-2021 23:18:54] NOTICE: ready to handle connections
